-------------------------------------------
Batch: 0
-------------------------------------------
+--------------------+----------+
|               email|  birthDay|
+--------------------+----------+
| Ben.Hansen@test.com|1965-01-01|
|Spencer.Jones@tes...|1964-01-01|
|Sarah.Phillips@te...|1962-01-01|
|Frank.Spencer@tes...|1961-01-01|
|Eric.Fibonnaci@te...|1960-01-01|
|Danny.Khatib@test...|1959-01-01|
|Suresh.Phillips@t...|1958-01-01|
|Jerry.Hansen@test...|1957-01-01|
|David.Sanchez@tes...|1956-01-01|
|Christina.Harris@...|1955-01-01|
|Trevor.Phillips@t...|1954-01-01|
| Dan.Hansen@test.com|1953-01-01|
|Jacob.Jones@test.com|1952-01-01|
|Senthil.Gonzalez@...|1951-01-01|
| John.Abram@test.com|1950-01-01|
|Santosh.Huey@test...|1949-01-01|
|Craig.Davis@test.com|1947-01-01|
|Spencer.Davis@tes...|1946-01-01|
|Ben.Lincoln@test.com|1944-01-01|
|Angie.Phillips@te...|1943-01-01|
+--------------------+----------+
only showing top 20 rows

-------------------------------------------
Batch: 1
-------------------------------------------
+-----+--------+
|email|birthDay|
+-----+--------+
+-----+--------+

-------------------------------------------
Batch: 2
-------------------------------------------
+-----+--------+
|email|birthDay|
+-----+--------+
+-----+--------+

-------------------------------------------
Batch: 3
-------------------------------------------
+-----+--------+
|email|birthDay|
+-----+--------+
+-----+--------+

-------------------------------------------
Batch: 4
-------------------------------------------
+-----+--------+
|email|birthDay|
+-----+--------+
+-----+--------+

-------------------------------------------
Batch: 5
-------------------------------------------
+-----+--------+
|email|birthDay|
+-----+--------+
+-----+--------+

-------------------------------------------
Batch: 6
-------------------------------------------
+-----+--------+
|email|birthDay|
+-----+--------+
+-----+--------+

-------------------------------------------
Batch: 7
-------------------------------------------
+-----+--------+
|email|birthDay|
+-----+--------+
+-----+--------+

