Spark Command: /usr/lib/jvm/java-8-openjdk-amd64/jre/bin/java -cp /opt/spark-2.3.4-bin-hadoop2.7/conf/:/opt/spark-2.3.4-bin-hadoop2.7/jars/* -Xmx1g org.apache.spark.deploy.worker.Worker --webui-port 8081 spark://1b282284b583:7077
========================================
2021-10-30 09:27:34 INFO  Worker:2612 - Started daemon with process name: 107@1b282284b583
2021-10-30 09:27:34 INFO  SignalUtils:54 - Registered signal handler for TERM
2021-10-30 09:27:34 INFO  SignalUtils:54 - Registered signal handler for HUP
2021-10-30 09:27:34 INFO  SignalUtils:54 - Registered signal handler for INT
2021-10-30 09:27:35 WARN  NativeCodeLoader:62 - Unable to load native-hadoop library for your platform... using builtin-java classes where applicable
2021-10-30 09:27:35 INFO  SecurityManager:54 - Changing view acls to: root
2021-10-30 09:27:35 INFO  SecurityManager:54 - Changing modify acls to: root
2021-10-30 09:27:35 INFO  SecurityManager:54 - Changing view acls groups to: 
2021-10-30 09:27:35 INFO  SecurityManager:54 - Changing modify acls groups to: 
2021-10-30 09:27:35 INFO  SecurityManager:54 - SecurityManager: authentication disabled; ui acls disabled; users  with view permissions: Set(root); groups with view permissions: Set(); users  with modify permissions: Set(root); groups with modify permissions: Set()
2021-10-30 09:27:36 INFO  Utils:54 - Successfully started service 'sparkWorker' on port 38319.
2021-10-30 09:27:36 INFO  Worker:54 - Starting Spark worker 172.18.0.2:38319 with 2 cores, 6.3 GB RAM
2021-10-30 09:27:36 INFO  Worker:54 - Running Spark version 2.3.4
2021-10-30 09:27:36 INFO  Worker:54 - Spark home: /opt/spark-2.3.4-bin-hadoop2.7
2021-10-30 09:27:37 INFO  log:192 - Logging initialized @4141ms
2021-10-30 09:27:37 INFO  Server:351 - jetty-9.3.z-SNAPSHOT, build timestamp: unknown, git hash: unknown
2021-10-30 09:27:37 INFO  Server:419 - Started @4275ms
2021-10-30 09:27:37 INFO  AbstractConnector:278 - Started ServerConnector@76bf0898{HTTP/1.1,[http/1.1]}{0.0.0.0:8081}
2021-10-30 09:27:37 INFO  Utils:54 - Successfully started service 'WorkerUI' on port 8081.
2021-10-30 09:27:37 INFO  ContextHandler:781 - Started o.s.j.s.ServletContextHandler@30e20af0{/logPage,null,AVAILABLE,@Spark}
2021-10-30 09:27:37 INFO  ContextHandler:781 - Started o.s.j.s.ServletContextHandler@1ff09cac{/logPage/json,null,AVAILABLE,@Spark}
2021-10-30 09:27:37 INFO  ContextHandler:781 - Started o.s.j.s.ServletContextHandler@7d4c5336{/,null,AVAILABLE,@Spark}
2021-10-30 09:27:37 INFO  ContextHandler:781 - Started o.s.j.s.ServletContextHandler@272eabb8{/json,null,AVAILABLE,@Spark}
2021-10-30 09:27:37 INFO  ContextHandler:781 - Started o.s.j.s.ServletContextHandler@3c20560d{/static,null,AVAILABLE,@Spark}
2021-10-30 09:27:37 INFO  ContextHandler:781 - Started o.s.j.s.ServletContextHandler@5161ffd{/log,null,AVAILABLE,@Spark}
2021-10-30 09:27:37 INFO  WorkerWebUI:54 - Bound WorkerWebUI to 0.0.0.0, and started at http://1b282284b583:8081
2021-10-30 09:27:37 INFO  Worker:54 - Connecting to master 1b282284b583:7077...
2021-10-30 09:27:37 INFO  ContextHandler:781 - Started o.s.j.s.ServletContextHandler@2a69cce5{/metrics/json,null,AVAILABLE,@Spark}
2021-10-30 09:27:37 INFO  TransportClientFactory:267 - Successfully created connection to 1b282284b583/172.18.0.2:7077 after 113 ms (0 ms spent in bootstraps)
2021-10-30 09:27:38 INFO  Worker:54 - Successfully registered with master spark://1b282284b583:7077
